[2022-07-14T15:58:32.083] [ERROR] [Default] - UnauthorizedError: Authentication Error
    at Object.throw (/Users/zws/Desktop/workspace/mine/koa2-node/node_modules/koa/lib/context.js:97:11)
    at jwt (/Users/zws/Desktop/workspace/mine/koa2-node/node_modules/koa-jwt/lib/index.js:23:22)
    at /Users/zws/Desktop/workspace/mine/koa2-node/node_modules/koa-unless/index.js:29:12
    at dispatch (/Users/zws/Desktop/workspace/mine/koa2-node/node_modules/koa-compose/index.js:42:32)
    at koaSwaggerUi (/Users/zws/Desktop/workspace/mine/koa2-node/node_modules/koa2-swagger-ui/lib/index.ts:113:12)
    at dispatch (/Users/zws/Desktop/workspace/mine/koa2-node/node_modules/koa-compose/index.js:42:32)
    at serve (/Users/zws/Desktop/workspace/mine/koa2-node/node_modules/koa-static/index.js:53:15)
    at dispatch (/Users/zws/Desktop/workspace/mine/koa2-node/node_modules/koa-compose/index.js:42:32)
    at cors (/Users/zws/Desktop/workspace/mine/koa2-node/node_modules/koa2-cors/dist/index.js:91:15)
    at dispatch (/Users/zws/Desktop/workspace/mine/koa2-node/node_modules/koa-compose/index.js:42:32)
    at bodyParser (/Users/zws/Desktop/workspace/mine/koa2-node/node_modules/koa-bodyparser/index.js:82:54)
    at dispatch (/Users/zws/Desktop/workspace/mine/koa2-node/node_modules/koa-compose/index.js:42:32)
    at /Users/zws/Desktop/workspace/mine/koa2-node/node_modules/koa-body/index.js:148:14
    at processTicksAndRejections (node:internal/process/task_queues:96:5)
    at loggerMiddleware (/Users/zws/Desktop/workspace/mine/koa2-node/src/middlewares/logger.ts:37:3)
    at logger (/Users/zws/Desktop/workspace/mine/koa2-node/node_modules/koa-logger/index.js:67:7)
    at session (/Users/zws/Desktop/workspace/mine/koa2-node/node_modules/koa-session/index.js:41:7)
[2022-07-14T16:03:30.890] [ERROR] [Default] - UnauthorizedError: Authentication Error
    at Object.throw (/Users/zws/Desktop/workspace/mine/koa2-node/node_modules/koa/lib/context.js:97:11)
    at jwt (/Users/zws/Desktop/workspace/mine/koa2-node/node_modules/koa-jwt/lib/index.js:23:22)
    at /Users/zws/Desktop/workspace/mine/koa2-node/node_modules/koa-unless/index.js:29:12
    at dispatch (/Users/zws/Desktop/workspace/mine/koa2-node/node_modules/koa-compose/index.js:42:32)
    at koaSwaggerUi (/Users/zws/Desktop/workspace/mine/koa2-node/node_modules/koa2-swagger-ui/lib/index.ts:113:12)
    at dispatch (/Users/zws/Desktop/workspace/mine/koa2-node/node_modules/koa-compose/index.js:42:32)
    at serve (/Users/zws/Desktop/workspace/mine/koa2-node/node_modules/koa-static/index.js:53:15)
    at dispatch (/Users/zws/Desktop/workspace/mine/koa2-node/node_modules/koa-compose/index.js:42:32)
    at cors (/Users/zws/Desktop/workspace/mine/koa2-node/node_modules/koa2-cors/dist/index.js:91:15)
    at dispatch (/Users/zws/Desktop/workspace/mine/koa2-node/node_modules/koa-compose/index.js:42:32)
    at bodyParser (/Users/zws/Desktop/workspace/mine/koa2-node/node_modules/koa-bodyparser/index.js:82:54)
    at dispatch (/Users/zws/Desktop/workspace/mine/koa2-node/node_modules/koa-compose/index.js:42:32)
    at /Users/zws/Desktop/workspace/mine/koa2-node/node_modules/koa-body/index.js:148:14
    at processTicksAndRejections (node:internal/process/task_queues:96:5)
    at loggerMiddleware (/Users/zws/Desktop/workspace/mine/koa2-node/src/middlewares/logger.ts:37:3)
    at logger (/Users/zws/Desktop/workspace/mine/koa2-node/node_modules/koa-logger/index.js:67:7)
    at session (/Users/zws/Desktop/workspace/mine/koa2-node/node_modules/koa-session/index.js:41:7)
[2022-07-14T16:07:42.183] [ERROR] [Default] - UnauthorizedError: Authentication Error
    at Object.throw (/Users/zws/Desktop/workspace/mine/koa2-node/node_modules/koa/lib/context.js:97:11)
    at jwt (/Users/zws/Desktop/workspace/mine/koa2-node/node_modules/koa-jwt/lib/index.js:23:22)
    at /Users/zws/Desktop/workspace/mine/koa2-node/node_modules/koa-unless/index.js:29:12
    at dispatch (/Users/zws/Desktop/workspace/mine/koa2-node/node_modules/koa-compose/index.js:42:32)
    at koaSwaggerUi (/Users/zws/Desktop/workspace/mine/koa2-node/node_modules/koa2-swagger-ui/lib/index.ts:113:12)
    at dispatch (/Users/zws/Desktop/workspace/mine/koa2-node/node_modules/koa-compose/index.js:42:32)
    at serve (/Users/zws/Desktop/workspace/mine/koa2-node/node_modules/koa-static/index.js:53:15)
    at dispatch (/Users/zws/Desktop/workspace/mine/koa2-node/node_modules/koa-compose/index.js:42:32)
    at cors (/Users/zws/Desktop/workspace/mine/koa2-node/node_modules/koa2-cors/dist/index.js:91:15)
    at dispatch (/Users/zws/Desktop/workspace/mine/koa2-node/node_modules/koa-compose/index.js:42:32)
    at bodyParser (/Users/zws/Desktop/workspace/mine/koa2-node/node_modules/koa-bodyparser/index.js:82:54)
    at dispatch (/Users/zws/Desktop/workspace/mine/koa2-node/node_modules/koa-compose/index.js:42:32)
    at /Users/zws/Desktop/workspace/mine/koa2-node/node_modules/koa-body/index.js:148:14
    at processTicksAndRejections (node:internal/process/task_queues:96:5)
    at loggerMiddleware (/Users/zws/Desktop/workspace/mine/koa2-node/src/middlewares/logger.ts:37:3)
    at logger (/Users/zws/Desktop/workspace/mine/koa2-node/node_modules/koa-logger/index.js:67:7)
    at session (/Users/zws/Desktop/workspace/mine/koa2-node/node_modules/koa-session/index.js:41:7)
[2022-07-14T16:10:39.894] [ERROR] [Default] - UnauthorizedError: Authentication Error
    at Object.throw (/Users/zws/Desktop/workspace/mine/koa2-node/node_modules/koa/lib/context.js:97:11)
    at jwt (/Users/zws/Desktop/workspace/mine/koa2-node/node_modules/koa-jwt/lib/index.js:23:22)
    at /Users/zws/Desktop/workspace/mine/koa2-node/node_modules/koa-unless/index.js:29:12
    at dispatch (/Users/zws/Desktop/workspace/mine/koa2-node/node_modules/koa-compose/index.js:42:32)
    at koaSwaggerUi (/Users/zws/Desktop/workspace/mine/koa2-node/node_modules/koa2-swagger-ui/lib/index.ts:113:12)
    at dispatch (/Users/zws/Desktop/workspace/mine/koa2-node/node_modules/koa-compose/index.js:42:32)
    at serve (/Users/zws/Desktop/workspace/mine/koa2-node/node_modules/koa-static/index.js:53:15)
    at dispatch (/Users/zws/Desktop/workspace/mine/koa2-node/node_modules/koa-compose/index.js:42:32)
    at cors (/Users/zws/Desktop/workspace/mine/koa2-node/node_modules/koa2-cors/dist/index.js:91:15)
    at dispatch (/Users/zws/Desktop/workspace/mine/koa2-node/node_modules/koa-compose/index.js:42:32)
    at bodyParser (/Users/zws/Desktop/workspace/mine/koa2-node/node_modules/koa-bodyparser/index.js:82:54)
    at dispatch (/Users/zws/Desktop/workspace/mine/koa2-node/node_modules/koa-compose/index.js:42:32)
    at /Users/zws/Desktop/workspace/mine/koa2-node/node_modules/koa-body/index.js:148:14
    at processTicksAndRejections (node:internal/process/task_queues:96:5)
    at loggerMiddleware (/Users/zws/Desktop/workspace/mine/koa2-node/src/middlewares/logger.ts:37:3)
    at logger (/Users/zws/Desktop/workspace/mine/koa2-node/node_modules/koa-logger/index.js:67:7)
    at session (/Users/zws/Desktop/workspace/mine/koa2-node/node_modules/koa-session/index.js:41:7)
[2022-07-14T16:11:18.394] [ERROR] [Default] - UnauthorizedError: Authentication Error
    at Object.throw (/Users/zws/Desktop/workspace/mine/koa2-node/node_modules/koa/lib/context.js:97:11)
    at jwt (/Users/zws/Desktop/workspace/mine/koa2-node/node_modules/koa-jwt/lib/index.js:23:22)
    at /Users/zws/Desktop/workspace/mine/koa2-node/node_modules/koa-unless/index.js:29:12
    at dispatch (/Users/zws/Desktop/workspace/mine/koa2-node/node_modules/koa-compose/index.js:42:32)
    at koaSwaggerUi (/Users/zws/Desktop/workspace/mine/koa2-node/node_modules/koa2-swagger-ui/lib/index.ts:113:12)
    at dispatch (/Users/zws/Desktop/workspace/mine/koa2-node/node_modules/koa-compose/index.js:42:32)
    at serve (/Users/zws/Desktop/workspace/mine/koa2-node/node_modules/koa-static/index.js:53:15)
    at dispatch (/Users/zws/Desktop/workspace/mine/koa2-node/node_modules/koa-compose/index.js:42:32)
    at cors (/Users/zws/Desktop/workspace/mine/koa2-node/node_modules/koa2-cors/dist/index.js:91:15)
    at dispatch (/Users/zws/Desktop/workspace/mine/koa2-node/node_modules/koa-compose/index.js:42:32)
    at bodyParser (/Users/zws/Desktop/workspace/mine/koa2-node/node_modules/koa-bodyparser/index.js:82:54)
    at dispatch (/Users/zws/Desktop/workspace/mine/koa2-node/node_modules/koa-compose/index.js:42:32)
    at /Users/zws/Desktop/workspace/mine/koa2-node/node_modules/koa-body/index.js:148:14
    at processTicksAndRejections (node:internal/process/task_queues:96:5)
    at loggerMiddleware (/Users/zws/Desktop/workspace/mine/koa2-node/src/middlewares/logger.ts:37:3)
    at logger (/Users/zws/Desktop/workspace/mine/koa2-node/node_modules/koa-logger/index.js:67:7)
    at session (/Users/zws/Desktop/workspace/mine/koa2-node/node_modules/koa-session/index.js:41:7)
[2022-07-14T16:12:14.325] [ERROR] [Default] - UnauthorizedError: Authentication Error
    at Object.throw (/Users/zws/Desktop/workspace/mine/koa2-node/node_modules/koa/lib/context.js:97:11)
    at jwt (/Users/zws/Desktop/workspace/mine/koa2-node/node_modules/koa-jwt/lib/index.js:23:22)
    at /Users/zws/Desktop/workspace/mine/koa2-node/node_modules/koa-unless/index.js:29:12
    at dispatch (/Users/zws/Desktop/workspace/mine/koa2-node/node_modules/koa-compose/index.js:42:32)
    at koaSwaggerUi (/Users/zws/Desktop/workspace/mine/koa2-node/node_modules/koa2-swagger-ui/lib/index.ts:113:12)
    at dispatch (/Users/zws/Desktop/workspace/mine/koa2-node/node_modules/koa-compose/index.js:42:32)
    at serve (/Users/zws/Desktop/workspace/mine/koa2-node/node_modules/koa-static/index.js:53:15)
    at dispatch (/Users/zws/Desktop/workspace/mine/koa2-node/node_modules/koa-compose/index.js:42:32)
    at cors (/Users/zws/Desktop/workspace/mine/koa2-node/node_modules/koa2-cors/dist/index.js:91:15)
    at dispatch (/Users/zws/Desktop/workspace/mine/koa2-node/node_modules/koa-compose/index.js:42:32)
    at bodyParser (/Users/zws/Desktop/workspace/mine/koa2-node/node_modules/koa-bodyparser/index.js:82:54)
    at dispatch (/Users/zws/Desktop/workspace/mine/koa2-node/node_modules/koa-compose/index.js:42:32)
    at /Users/zws/Desktop/workspace/mine/koa2-node/node_modules/koa-body/index.js:148:14
    at processTicksAndRejections (node:internal/process/task_queues:96:5)
    at loggerMiddleware (/Users/zws/Desktop/workspace/mine/koa2-node/src/middlewares/logger.ts:37:3)
    at logger (/Users/zws/Desktop/workspace/mine/koa2-node/node_modules/koa-logger/index.js:67:7)
    at session (/Users/zws/Desktop/workspace/mine/koa2-node/node_modules/koa-session/index.js:41:7)
[2022-07-14T16:14:14.613] [ERROR] [Default] - UnauthorizedError: Authentication Error
    at Object.throw (/Users/zws/Desktop/workspace/mine/koa2-node/node_modules/koa/lib/context.js:97:11)
    at jwt (/Users/zws/Desktop/workspace/mine/koa2-node/node_modules/koa-jwt/lib/index.js:23:22)
    at /Users/zws/Desktop/workspace/mine/koa2-node/node_modules/koa-unless/index.js:29:12
    at dispatch (/Users/zws/Desktop/workspace/mine/koa2-node/node_modules/koa-compose/index.js:42:32)
    at koaSwaggerUi (/Users/zws/Desktop/workspace/mine/koa2-node/node_modules/koa2-swagger-ui/lib/index.ts:113:12)
    at dispatch (/Users/zws/Desktop/workspace/mine/koa2-node/node_modules/koa-compose/index.js:42:32)
    at serve (/Users/zws/Desktop/workspace/mine/koa2-node/node_modules/koa-static/index.js:53:15)
    at dispatch (/Users/zws/Desktop/workspace/mine/koa2-node/node_modules/koa-compose/index.js:42:32)
    at cors (/Users/zws/Desktop/workspace/mine/koa2-node/node_modules/koa2-cors/dist/index.js:91:15)
    at dispatch (/Users/zws/Desktop/workspace/mine/koa2-node/node_modules/koa-compose/index.js:42:32)
    at bodyParser (/Users/zws/Desktop/workspace/mine/koa2-node/node_modules/koa-bodyparser/index.js:82:54)
    at dispatch (/Users/zws/Desktop/workspace/mine/koa2-node/node_modules/koa-compose/index.js:42:32)
    at /Users/zws/Desktop/workspace/mine/koa2-node/node_modules/koa-body/index.js:148:14
    at processTicksAndRejections (node:internal/process/task_queues:96:5)
    at loggerMiddleware (/Users/zws/Desktop/workspace/mine/koa2-node/src/middlewares/logger.ts:37:3)
    at logger (/Users/zws/Desktop/workspace/mine/koa2-node/node_modules/koa-logger/index.js:67:7)
    at session (/Users/zws/Desktop/workspace/mine/koa2-node/node_modules/koa-session/index.js:41:7)
[2022-07-14T16:22:36.672] [ERROR] [Default] - UnauthorizedError: Authentication Error
    at Object.throw (/Users/zws/Desktop/workspace/mine/koa2-node/node_modules/koa/lib/context.js:97:11)
    at jwt (/Users/zws/Desktop/workspace/mine/koa2-node/node_modules/koa-jwt/lib/index.js:23:22)
    at /Users/zws/Desktop/workspace/mine/koa2-node/node_modules/koa-unless/index.js:29:12
    at dispatch (/Users/zws/Desktop/workspace/mine/koa2-node/node_modules/koa-compose/index.js:42:32)
    at koaSwaggerUi (/Users/zws/Desktop/workspace/mine/koa2-node/node_modules/koa2-swagger-ui/lib/index.ts:113:12)
    at dispatch (/Users/zws/Desktop/workspace/mine/koa2-node/node_modules/koa-compose/index.js:42:32)
    at serve (/Users/zws/Desktop/workspace/mine/koa2-node/node_modules/koa-static/index.js:53:15)
    at dispatch (/Users/zws/Desktop/workspace/mine/koa2-node/node_modules/koa-compose/index.js:42:32)
    at cors (/Users/zws/Desktop/workspace/mine/koa2-node/node_modules/koa2-cors/dist/index.js:91:15)
    at dispatch (/Users/zws/Desktop/workspace/mine/koa2-node/node_modules/koa-compose/index.js:42:32)
    at bodyParser (/Users/zws/Desktop/workspace/mine/koa2-node/node_modules/koa-bodyparser/index.js:82:54)
    at dispatch (/Users/zws/Desktop/workspace/mine/koa2-node/node_modules/koa-compose/index.js:42:32)
    at /Users/zws/Desktop/workspace/mine/koa2-node/node_modules/koa-body/index.js:148:14
    at processTicksAndRejections (node:internal/process/task_queues:96:5)
    at session (/Users/zws/Desktop/workspace/mine/koa2-node/node_modules/koa-session/index.js:41:7)
[2022-07-14T17:23:35.745] [ERROR] [Default] - UnauthorizedError: Authentication Error
    at Object.throw (/Users/zws/Desktop/workspace/mine/koa2-node/node_modules/koa/lib/context.js:97:11)
    at jwt (/Users/zws/Desktop/workspace/mine/koa2-node/node_modules/koa-jwt/lib/index.js:23:22)
    at /Users/zws/Desktop/workspace/mine/koa2-node/node_modules/koa-unless/index.js:29:12
    at dispatch (/Users/zws/Desktop/workspace/mine/koa2-node/node_modules/koa-compose/index.js:42:32)
    at koaSwaggerUi (/Users/zws/Desktop/workspace/mine/koa2-node/node_modules/koa2-swagger-ui/lib/index.ts:113:12)
    at dispatch (/Users/zws/Desktop/workspace/mine/koa2-node/node_modules/koa-compose/index.js:42:32)
    at serve (/Users/zws/Desktop/workspace/mine/koa2-node/node_modules/koa-static/index.js:53:15)
    at cors (/Users/zws/Desktop/workspace/mine/koa2-node/node_modules/koa2-cors/dist/index.js:91:9)
    at bodyParser (/Users/zws/Desktop/workspace/mine/koa2-node/node_modules/koa-bodyparser/index.js:82:48)
    at loggerMiddleware (/Users/zws/Desktop/workspace/mine/koa2-node/src/middlewares/logger.ts:37:3)
    at logger (/Users/zws/Desktop/workspace/mine/koa2-node/node_modules/koa-logger/index.js:67:7)
    at session (/Users/zws/Desktop/workspace/mine/koa2-node/node_modules/koa-session/index.js:41:7)
[2022-07-14T17:23:35.778] [ERROR] [Default] - UnauthorizedError: Authentication Error
    at Object.throw (/Users/zws/Desktop/workspace/mine/koa2-node/node_modules/koa/lib/context.js:97:11)
    at jwt (/Users/zws/Desktop/workspace/mine/koa2-node/node_modules/koa-jwt/lib/index.js:23:22)
    at /Users/zws/Desktop/workspace/mine/koa2-node/node_modules/koa-unless/index.js:29:12
    at dispatch (/Users/zws/Desktop/workspace/mine/koa2-node/node_modules/koa-compose/index.js:42:32)
    at koaSwaggerUi (/Users/zws/Desktop/workspace/mine/koa2-node/node_modules/koa2-swagger-ui/lib/index.ts:113:12)
    at dispatch (/Users/zws/Desktop/workspace/mine/koa2-node/node_modules/koa-compose/index.js:42:32)
    at serve (/Users/zws/Desktop/workspace/mine/koa2-node/node_modules/koa-static/index.js:53:15)
    at cors (/Users/zws/Desktop/workspace/mine/koa2-node/node_modules/koa2-cors/dist/index.js:91:9)
    at bodyParser (/Users/zws/Desktop/workspace/mine/koa2-node/node_modules/koa-bodyparser/index.js:82:48)
    at loggerMiddleware (/Users/zws/Desktop/workspace/mine/koa2-node/src/middlewares/logger.ts:37:3)
    at logger (/Users/zws/Desktop/workspace/mine/koa2-node/node_modules/koa-logger/index.js:67:7)
    at session (/Users/zws/Desktop/workspace/mine/koa2-node/node_modules/koa-session/index.js:41:7)
[2022-07-14T17:23:37.483] [ERROR] [Default] - UnauthorizedError: Authentication Error
    at Object.throw (/Users/zws/Desktop/workspace/mine/koa2-node/node_modules/koa/lib/context.js:97:11)
    at jwt (/Users/zws/Desktop/workspace/mine/koa2-node/node_modules/koa-jwt/lib/index.js:23:22)
    at /Users/zws/Desktop/workspace/mine/koa2-node/node_modules/koa-unless/index.js:29:12
    at dispatch (/Users/zws/Desktop/workspace/mine/koa2-node/node_modules/koa-compose/index.js:42:32)
    at koaSwaggerUi (/Users/zws/Desktop/workspace/mine/koa2-node/node_modules/koa2-swagger-ui/lib/index.ts:113:12)
    at dispatch (/Users/zws/Desktop/workspace/mine/koa2-node/node_modules/koa-compose/index.js:42:32)
    at serve (/Users/zws/Desktop/workspace/mine/koa2-node/node_modules/koa-static/index.js:53:15)
    at cors (/Users/zws/Desktop/workspace/mine/koa2-node/node_modules/koa2-cors/dist/index.js:91:9)
    at bodyParser (/Users/zws/Desktop/workspace/mine/koa2-node/node_modules/koa-bodyparser/index.js:82:48)
    at loggerMiddleware (/Users/zws/Desktop/workspace/mine/koa2-node/src/middlewares/logger.ts:37:3)
    at logger (/Users/zws/Desktop/workspace/mine/koa2-node/node_modules/koa-logger/index.js:67:7)
    at session (/Users/zws/Desktop/workspace/mine/koa2-node/node_modules/koa-session/index.js:41:7)
[2022-07-14T17:23:37.501] [ERROR] [Default] - UnauthorizedError: Authentication Error
    at Object.throw (/Users/zws/Desktop/workspace/mine/koa2-node/node_modules/koa/lib/context.js:97:11)
    at jwt (/Users/zws/Desktop/workspace/mine/koa2-node/node_modules/koa-jwt/lib/index.js:23:22)
    at /Users/zws/Desktop/workspace/mine/koa2-node/node_modules/koa-unless/index.js:29:12
    at dispatch (/Users/zws/Desktop/workspace/mine/koa2-node/node_modules/koa-compose/index.js:42:32)
    at koaSwaggerUi (/Users/zws/Desktop/workspace/mine/koa2-node/node_modules/koa2-swagger-ui/lib/index.ts:113:12)
    at dispatch (/Users/zws/Desktop/workspace/mine/koa2-node/node_modules/koa-compose/index.js:42:32)
    at serve (/Users/zws/Desktop/workspace/mine/koa2-node/node_modules/koa-static/index.js:53:15)
    at cors (/Users/zws/Desktop/workspace/mine/koa2-node/node_modules/koa2-cors/dist/index.js:91:9)
    at bodyParser (/Users/zws/Desktop/workspace/mine/koa2-node/node_modules/koa-bodyparser/index.js:82:48)
    at loggerMiddleware (/Users/zws/Desktop/workspace/mine/koa2-node/src/middlewares/logger.ts:37:3)
    at logger (/Users/zws/Desktop/workspace/mine/koa2-node/node_modules/koa-logger/index.js:67:7)
    at session (/Users/zws/Desktop/workspace/mine/koa2-node/node_modules/koa-session/index.js:41:7)
